# JRE version: Java(TM) SE Runtime Environment (8.0_51-b16) (build 1.8.0_51-b16)
# Java VM: Java HotSpot(TM) 64-Bit Server VM (25.51-b03 mixed mode linux-amd64 compressed oops)
Heap:
 PSYoungGen      total 26624K, used 23486K [0x00000000ed780000, 0x00000000f0300000, 0x0000000100000000)
  eden space 26112K, 89% used [0x00000000ed780000,0x00000000eee47b30,0x00000000ef100000)
  from space 512K, 31% used [0x00000000ef180000,0x00000000ef1a8000,0x00000000ef200000)
  to   space 9216K, 0% used [0x00000000efa00000,0x00000000efa00000,0x00000000f0300000)
 ParOldGen       total 38400K, used 16563K [0x00000000c8600000, 0x00000000cab80000, 0x00000000ed780000)
  object space 38400K, 43% used [0x00000000c8600000,0x00000000c962cfd8,0x00000000cab80000)
 Metaspace       used 18034K, capacity 18216K, committed 18560K, reserved 1067008K
  class space    used 1567K, capacity 1628K, committed 1664K, reserved 1048576K
GC Heap History (10 events):
Event: 229,220 GC heap before
{Heap before GC invocations=7 (full 0):
 PSYoungGen      total 37376K, used 30743K [0x00000000ed780000, 0x00000000f0580000, 0x0000000100000000)
  eden space 28672K, 100% used [0x00000000ed780000,0x00000000ef380000,0x00000000ef380000)
  from space 8704K, 23% used [0x00000000efd00000,0x00000000eff05d90,0x00000000f0580000)
  to   space 9216K, 0% used [0x00000000ef380000,0x00000000ef380000,0x00000000efc80000)
 ParOldGen       total 38400K, used 14387K [0x00000000c8600000, 0x00000000cab80000, 0x00000000ed780000)
  object space 38400K, 37% used [0x00000000c8600000,0x00000000c940cd20,0x00000000cab80000)
 Metaspace       used 17988K, capacity 18152K, committed 18560K, reserved 1067008K
  class space    used 1566K, capacity 1628K, committed 1664K, reserved 1048576K
Event: 229,262 GC heap after
Heap after GC invocations=7 (full 0):
 PSYoungGen      total 37376K, used 1130K [0x00000000ed780000, 0x00000000f0600000, 0x0000000100000000)
  eden space 28160K, 0% used [0x00000000ed780000,0x00000000ed780000,0x00000000ef300000)
  from space 9216K, 12% used [0x00000000ef380000,0x00000000ef49aad8,0x00000000efc80000)
  to   space 9728K, 0% used [0x00000000efc80000,0x00000000efc80000,0x00000000f0600000)
 ParOldGen       total 38400K, used 15460K [0x00000000c8600000, 0x00000000cab80000, 0x00000000ed780000)
  object space 38400K, 40% used [0x00000000c8600000,0x00000000c95190a0,0x00000000cab80000)
 Metaspace       used 17988K, capacity 18152K, committed 18560K, reserved 1067008K
  class space    used 1566K, capacity 1628K, committed 1664K, reserved 1048576K
}
Event: 308,807 GC heap before
{Heap before GC invocations=8 (full 0):
 PSYoungGen      total 37376K, used 29290K [0x00000000ed780000, 0x00000000f0600000, 0x0000000100000000)
  eden space 28160K, 100% used [0x00000000ed780000,0x00000000ef300000,0x00000000ef300000)
  from space 9216K, 12% used [0x00000000ef380000,0x00000000ef49aad8,0x00000000efc80000)
  to   space 9728K, 0% used [0x00000000efc80000,0x00000000efc80000,0x00000000f0600000)
 ParOldGen       total 38400K, used 15460K [0x00000000c8600000, 0x00000000cab80000, 0x00000000ed780000)
  object space 38400K, 40% used [0x00000000c8600000,0x00000000c95190a0,0x00000000cab80000)
 Metaspace       used 17992K, capacity 18152K, committed 18560K, reserved 1067008K
  class space    used 1567K, capacity 1628K, committed 1664K, reserved 1048576K
Event: 308,819 GC heap after
Heap after GC invocations=8 (full 0):
 PSYoungGen      total 36864K, used 256K [0x00000000ed780000, 0x00000000f0580000, 0x0000000100000000)
  eden space 27648K, 0% used [0x00000000ed780000,0x00000000ed780000,0x00000000ef280000)
  from space 9216K, 2% used [0x00000000efc80000,0x00000000efcc0000,0x00000000f0580000)
  to   space 9728K, 0% used [0x00000000ef280000,0x00000000ef280000,0x00000000efc00000)
 ParOldGen       total 38400K, used 16339K [0x00000000c8600000, 0x00000000cab80000, 0x00000000ed780000)
  object space 38400K, 42% used [0x00000000c8600000,0x00000000c95f4fd8,0x00000000cab80000)
 Metaspace       used 17992K, capacity 18152K, committed 18560K, reserved 1067008K
  class space    used 1567K, capacity 1628K, committed 1664K, reserved 1048576K
}
Event: 399,516 GC heap before
{Heap before GC invocations=9 (full 0):
 PSYoungGen      total 36864K, used 27904K [0x00000000ed780000, 0x00000000f0580000, 0x0000000100000000)
  eden space 27648K, 100% used [0x00000000ed780000,0x00000000ef280000,0x00000000ef280000)
  from space 9216K, 2% used [0x00000000efc80000,0x00000000efcc0000,0x00000000f0580000)
  to   space 9728K, 0% used [0x00000000ef280000,0x00000000ef280000,0x00000000efc00000)
 ParOldGen       total 38400K, used 16339K [0x00000000c8600000, 0x00000000cab80000, 0x00000000ed780000)
  object space 38400K, 42% used [0x00000000c8600000,0x00000000c95f4fd8,0x00000000cab80000)
 Metaspace       used 17996K, capacity 18152K, committed 18560K, reserved 1067008K
  class space    used 1567K, capacity 1628K, committed 1664K, reserved 1048576K
Event: 399,522 GC heap after
Heap after GC invocations=9 (full 0):
 PSYoungGen      total 27648K, used 224K [0x00000000ed780000, 0x00000000f0500000, 0x0000000100000000)
  eden space 27136K, 0% used [0x00000000ed780000,0x00000000ed780000,0x00000000ef200000)
  from space 512K, 43% used [0x00000000ef280000,0x00000000ef2b8000,0x00000000ef300000)
  to   space 9728K, 0% used [0x00000000efb80000,0x00000000efb80000,0x00000000f0500000)
 ParOldGen       total 38400K, used 16411K [0x00000000c8600000, 0x00000000cab80000, 0x00000000ed780000)
  object space 38400K, 42% used [0x00000000c8600000,0x00000000c9606fd8,0x00000000cab80000)
 Metaspace       used 17996K, capacity 18152K, committed 18560K, reserved 1067008K
  class space    used 1567K, capacity 1628K, committed 1664K, reserved 1048576K
}
Event: 496,053 GC heap before
{Heap before GC invocations=10 (full 0):
 PSYoungGen      total 27648K, used 27360K [0x00000000ed780000, 0x00000000f0500000, 0x0000000100000000)
  eden space 27136K, 100% used [0x00000000ed780000,0x00000000ef200000,0x00000000ef200000)
  from space 512K, 43% used [0x00000000ef280000,0x00000000ef2b8000,0x00000000ef300000)
  to   space 9728K, 0% used [0x00000000efb80000,0x00000000efb80000,0x00000000f0500000)
 ParOldGen       total 38400K, used 16411K [0x00000000c8600000, 0x00000000cab80000, 0x00000000ed780000)
  object space 38400K, 42% used [0x00000000c8600000,0x00000000c9606fd8,0x00000000cab80000)
 Metaspace       used 17999K, capacity 18152K, committed 18560K, reserved 1067008K
  class space    used 1567K, capacity 1628K, committed 1664K, reserved 1048576K
Event: 496,059 GC heap after
Heap after GC invocations=10 (full 0):
 PSYoungGen      total 35840K, used 96K [0x00000000ed780000, 0x00000000f0480000, 0x0000000100000000)
  eden space 26624K, 0% used [0x00000000ed780000,0x00000000ed780000,0x00000000ef180000)
  from space 9216K, 1% used [0x00000000efb80000,0x00000000efb98000,0x00000000f0480000)
  to   space 9728K, 0% used [0x00000000ef180000,0x00000000ef180000,0x00000000efb00000)
 ParOldGen       total 38400K, used 16523K [0x00000000c8600000, 0x00000000cab80000, 0x00000000ed780000)
  object space 38400K, 43% used [0x00000000c8600000,0x00000000c9622fd8,0x00000000cab80000)
 Metaspace       used 17999K, capacity 18152K, committed 18560K, reserved 1067008K
  class space    used 1567K, capacity 1628K, committed 1664K, reserved 1048576K
}
Event: 584,680 GC heap before
{Heap before GC invocations=11 (full 0):
 PSYoungGen      total 35840K, used 26720K [0x00000000ed780000, 0x00000000f0480000, 0x0000000100000000)
  eden space 26624K, 100% used [0x00000000ed780000,0x00000000ef180000,0x00000000ef180000)
  from space 9216K, 1% used [0x00000000efb80000,0x00000000efb98000,0x00000000f0480000)
  to   space 9728K, 0% used [0x00000000ef180000,0x00000000ef180000,0x00000000efb00000)
 ParOldGen       total 38400K, used 16523K [0x00000000c8600000, 0x00000000cab80000, 0x00000000ed780000)
  object space 38400K, 43% used [0x00000000c8600000,0x00000000c9622fd8,0x00000000cab80000)
 Metaspace       used 18011K, capacity 18216K, committed 18560K, reserved 1067008K
  class space    used 1567K, capacity 1628K, committed 1664K, reserved 1048576K
Event: 584,687 GC heap after
Heap after GC invocations=11 (full 0):
 PSYoungGen      total 26624K, used 160K [0x00000000ed780000, 0x00000000f0300000, 0x0000000100000000)
  eden space 26112K, 0% used [0x00000000ed780000,0x00000000ed780000,0x00000000ef100000)
  from space 512K, 31% used [0x00000000ef180000,0x00000000ef1a8000,0x00000000ef200000)
  to   space 9216K, 0% used [0x00000000efa00000,0x00000000efa00000,0x00000000f0300000)
 ParOldGen       total 38400K, used 16563K [0x00000000c8600000, 0x00000000cab80000, 0x00000000ed780000)
  object space 38400K, 43% used [0x00000000c8600000,0x00000000c962cfd8,0x00000000cab80000)
 Metaspace       used 18011K, capacity 18216K, committed 18560K, reserved 1067008K
  class space    used 1567K, capacity 1628K, committed 1664K, reserved 1048576K
}

